2025-04-24 23:33:16.8405|DEBUG|Program|location of wsfscservice is: C:\Users\haxax\.nuget\packages\websharper.fsharp\9.0.0.547\tools\net8.0\win-x64 (server side)
2025-04-24 23:33:16.8405|DEBUG|Program|pipename is: 0777c05ab98a6e6eb397ebc18a61fd5a (server side)
2025-04-24 23:33:16.8405|DEBUG|Program|Compiling C:\Users\haxax\Desktop\DUE\NEGYEDIK FÉLÉV\Funkcionális programozás F#-ban\beadando\StockMarketGame\StockMarketGame\StockMarketGame.fsproj
2025-04-24 23:33:19.5913|TRACE|Program|Server sends: n: F# compilation: 00:00:02.7861464
2025-04-24 23:33:22.3005|TRACE|Program|Server sends: n: Checking project: 00:00:02.7093100
2025-04-24 23:33:22.3005|TRACE|Program|Server sends: n: Waiting on merged metadata: 00:00:00.0014150
2025-04-24 23:33:22.4622|TRACE|Program|Server sends: n: Parsing with FCS: 00:00:00.1603330
2025-04-24 23:33:22.4622|TRACE|Program|Server sends: n: Analyzing function arguments: 00:00:00.0010620
2025-04-24 23:33:22.4622|TRACE|Program|Server sends: n: Resolving names: 00:00:00.0024170
2025-04-24 23:33:22.5330|TRACE|Program|Server sends: n: WebSharper translation: 00:00:00.0672947
2025-04-24 23:33:22.5330|TRACE|Program|Server sends: n: Source position transformations: 00:00:00.0043384
2025-04-24 23:33:22.5414|TRACE|Program|Server sends: n: Packaging assembly: 00:00:00.0040752
2025-04-24 23:33:22.6535|TRACE|Program|Server sends: n: Computing metadata: 00:00:00.1120643
2025-04-24 23:33:22.6535|TRACE|Program|Server sends: n: Writing reexports root.js: 00:00:00.0023075
2025-04-24 23:33:22.6535|TRACE|Program|Server sends: n: Writing StockMarketGame.Client.js: 00:00:00.0034481
2025-04-24 23:33:22.6535|TRACE|Program|Server sends: n: Writing $StartupCode_Client.js: 00:00:00.0010140
2025-04-24 23:33:22.6535|TRACE|Program|Server sends: n: Writing $Generated.js: 00:00:00.0007959
2025-04-24 23:33:22.6535|TRACE|Program|Server sends: n: Writing $EntryPoint.js: 00:00:00.0007923
2025-04-24 23:33:22.6631|TRACE|Program|Server sends: n: Writing .d.ts files: 00:00:00.0012649
2025-04-24 23:33:22.6631|TRACE|Program|Server sends: n: Hashing resources: 00:00:00.0012326
2025-04-24 23:33:23.2251|TRACE|Program|Server sends: n: Serializing metadata: 00:00:00.5607722
2025-04-24 23:33:23.2388|TRACE|Program|Server sends: n: Writing resources into assembly: 00:00:00.0136629
2025-04-24 23:33:23.4250|TRACE|Program|Server sends: n: Bundling: 00:00:00.1862212
2025-04-24 23:33:23.4439|TRACE|Program|Server sends: x: 0
